2019/01/19 06:40:45.254 [D] [Models.go:10]  【注册数据库】 
2019/01/19 06:40:45.260 [D] [cache.go:100]  【初始化REDIS】 
2019/01/19 20:57:54.422 [D] [Models.go:10]  【注册数据库】 
2019/01/19 20:57:54.429 [D] [cache.go:100]  【初始化REDIS】 
2019/01/19 20:57:54.468 [D] [TuPath.go:47]  status： 1 数量： 8173 
2019/01/19 20:57:55.119 [I] [asm_amd64.s:1333]  http server Running on http://:8080
2019/01/19 20:59:54.218 [D] [Models.go:10]  【注册数据库】 
2019/01/19 20:59:54.225 [D] [cache.go:100]  【初始化REDIS】 
2019/01/19 20:59:54.263 [D] [TuPath.go:47]  status： 1 数量： 8173 
2019/01/19 20:59:54.813 [I] [asm_amd64.s:1333]  http server Running on http://:8080
2019/01/19 20:59:54.814 [C] [asm_amd64.s:1333]  ListenAndServe:  listen tcp :8080: bind: Only one usage of each socket address (protocol/network address/port) is normally permitted.
2019/01/19 21:05:29.511 [D] [Models.go:10]  【注册数据库】 
2019/01/19 21:05:29.516 [D] [cache.go:100]  【初始化REDIS】 
2019/01/19 21:05:29.547 [D] [TuPath.go:47]  status： 1 数量： 8173 
2019/01/19 21:05:29.848 [I] [asm_amd64.s:1333]  http server Running on http://:8080
2019/01/19 21:05:29.849 [C] [asm_amd64.s:1333]  ListenAndServe:  listen tcp :8080: bind: Only one usage of each socket address (protocol/network address/port) is normally permitted.
2019/01/19 21:24:05.962 [D] [Models.go:10]  【注册数据库】 
2019/01/19 21:24:05.969 [D] [cache.go:100]  【初始化REDIS】 
2019/01/19 21:24:06.006 [D] [TuPath.go:47]  status： 1 数量： 8173 
2019/01/19 21:24:06.497 [I] [asm_amd64.s:1333]  http server Running on http://:8080
2019/01/19 21:24:06.498 [C] [asm_amd64.s:1333]  ListenAndServe:  listen tcp :8080: bind: Only one usage of each socket address (protocol/network address/port) is normally permitted.
2019/01/19 21:26:57.454 [D] [Models.go:10]  【注册数据库】 
2019/01/19 21:26:57.460 [D] [cache.go:100]  【初始化REDIS】 
2019/01/19 21:26:57.492 [D] [TuPath.go:47]  status： 1 数量： 8173 
2019/01/19 21:26:58.152 [I] [asm_amd64.s:1333]  http server Running on http://:8080
2019/01/19 21:26:58.153 [C] [asm_amd64.s:1333]  ListenAndServe:  listen tcp :8080: bind: Only one usage of each socket address (protocol/network address/port) is normally permitted.
2019/01/19 21:27:22.348 [D] [Models.go:10]  【注册数据库】 
2019/01/19 21:27:22.356 [D] [cache.go:100]  【初始化REDIS】 
2019/01/19 21:27:22.377 [D] [TuPath.go:47]  status： 1 数量： 8173 
2019/01/19 21:27:23.096 [I] [asm_amd64.s:1333]  http server Running on http://:8080
2019/01/19 21:27:23.097 [C] [asm_amd64.s:1333]  ListenAndServe:  listen tcp :8080: bind: Only one usage of each socket address (protocol/network address/port) is normally permitted.
2019/01/19 22:03:54.890 [D] [Models.go:10]  【注册数据库】 
2019/01/19 22:03:54.911 [D] [cache.go:100]  【初始化REDIS】 
2019/01/19 22:03:54.954 [D] [TuPath.go:47]  status： 1 数量： 8173 
2019/01/19 22:03:55.618 [I] [asm_amd64.s:1333]  http server Running on http://:8080
2019/01/19 22:03:55.619 [C] [asm_amd64.s:1333]  ListenAndServe:  listen tcp :8080: bind: Only one usage of each socket address (protocol/network address/port) is normally permitted.
2019/01/19 22:04:13.730 [D] [Models.go:10]  【注册数据库】 
2019/01/19 22:04:13.737 [D] [cache.go:100]  【初始化REDIS】 
2019/01/19 22:04:13.773 [D] [TuPath.go:47]  status： 1 数量： 8173 
2019/01/19 22:04:14.457 [I] [asm_amd64.s:1333]  http server Running on http://:8080
2019/01/19 22:04:14.458 [C] [asm_amd64.s:1333]  ListenAndServe:  listen tcp :8080: bind: Only one usage of each socket address (protocol/network address/port) is normally permitted.
2019/01/19 22:05:35.799 [D] [Models.go:10]  【注册数据库】 
2019/01/19 22:05:35.805 [D] [cache.go:100]  【初始化REDIS】 
2019/01/19 22:05:35.842 [D] [TuPath.go:47]  status： 1 数量： 8173 
2019/01/19 22:05:36.535 [I] [asm_amd64.s:1333]  http server Running on http://:8080
2019/01/19 22:05:36.536 [C] [asm_amd64.s:1333]  ListenAndServe:  listen tcp :8080: bind: Only one usage of each socket address (protocol/network address/port) is normally permitted.
2019/01/19 22:09:17.410 [D] [Models.go:10]  【注册数据库】 
2019/01/19 22:09:17.428 [D] [cache.go:100]  【初始化REDIS】 
2019/01/19 22:09:17.465 [D] [TuPath.go:47]  status： 1 数量： 8173 
2019/01/19 22:09:24.852 [I] [asm_amd64.s:1333]  http server Running on http://:8080
2019/01/19 22:09:24.853 [C] [asm_amd64.s:1333]  ListenAndServe:  listen tcp :8080: bind: Only one usage of each socket address (protocol/network address/port) is normally permitted.
2019/01/19 22:10:03.627 [D] [Models.go:10]  【注册数据库】 
2019/01/19 22:10:03.632 [D] [cache.go:100]  【初始化REDIS】 
2019/01/19 22:10:03.663 [D] [TuPath.go:47]  status： 1 数量： 8173 
2019/01/19 22:10:06.197 [I] [asm_amd64.s:1333]  http server Running on http://:8080
2019/01/19 22:10:06.198 [C] [asm_amd64.s:1333]  ListenAndServe:  listen tcp :8080: bind: Only one usage of each socket address (protocol/network address/port) is normally permitted.
2019/01/19 22:10:37.248 [D] [Models.go:10]  【注册数据库】 
2019/01/19 22:10:37.254 [D] [cache.go:100]  【初始化REDIS】 
2019/01/19 22:10:37.289 [D] [TuPath.go:47]  status： 1 数量： 8173 
2019/01/19 22:10:39.833 [I] [asm_amd64.s:1333]  http server Running on http://:8080
2019/01/19 22:10:39.834 [C] [asm_amd64.s:1333]  ListenAndServe:  listen tcp :8080: bind: Only one usage of each socket address (protocol/network address/port) is normally permitted.
2019/01/19 22:11:26.219 [D] [Models.go:10]  【注册数据库】 
2019/01/19 22:11:26.227 [D] [cache.go:100]  【初始化REDIS】 
2019/01/19 22:11:26.259 [D] [TuPath.go:47]  status： 1 数量： 8173 
2019/01/19 22:11:52.631 [I] [asm_amd64.s:1333]  http server Running on http://:8080
2019/01/19 22:11:52.634 [C] [asm_amd64.s:1333]  ListenAndServe:  listen tcp :8080: bind: Only one usage of each socket address (protocol/network address/port) is normally permitted.
2019/01/19 22:12:55.453 [D] [Models.go:10]  【注册数据库】 
2019/01/19 22:12:55.462 [D] [cache.go:100]  【初始化REDIS】 
2019/01/19 22:12:55.493 [D] [TuPath.go:47]  status： 1 数量： 8173 
2019/01/19 22:12:57.308 [I] [asm_amd64.s:1333]  http server Running on http://:8080
2019/01/19 22:30:57.160 [D] [Models.go:10]  【注册数据库】 
2019/01/19 22:30:57.160 [D] [cache.go:100]  【初始化REDIS】 
2019/01/19 22:30:57.206 [D] [TuPath.go:47]  status： 1 数量： 8173 
2019/01/19 22:30:59.049 [I] [asm_amd64.s:1333]  http server Running on http://:8080
2019/01/19 22:30:59.052 [C] [asm_amd64.s:1333]  ListenAndServe:  listen tcp :8080: bind: Only one usage of each socket address (protocol/network address/port) is normally permitted.
2019/01/19 23:17:41.829 [D] [Models.go:10]  【注册数据库】 
2019/01/19 23:17:41.840 [D] [cache.go:100]  【初始化REDIS】 
2019/01/19 23:17:41.874 [D] [TuPath.go:47]  status： 1 数量： 8173 
2019/01/19 23:26:42.422 [D] [Models.go:10]  【注册数据库】 
2019/01/19 23:26:42.428 [D] [cache.go:100]  【初始化REDIS】 
2019/01/19 23:26:42.466 [D] [TuPath.go:47]  status： 1 数量： 8173 
2019/01/19 23:26:44.596 [I] [asm_amd64.s:1333]  http server Running on http://:8080
2019/01/19 23:34:34.008 [D] [Models.go:10]  【注册数据库】 
2019/01/19 23:34:34.015 [D] [cache.go:100]  【初始化REDIS】 
2019/01/19 23:34:34.049 [D] [TuPath.go:47]  status： 1 数量： 8173 
2019/01/19 23:34:36.284 [I] [asm_amd64.s:1333]  http server Running on http://:8080
2019/01/19 23:34:36.285 [C] [asm_amd64.s:1333]  ListenAndServe:  listen tcp :8080: bind: Only one usage of each socket address (protocol/network address/port) is normally permitted.
2019/01/19 23:38:19.228 [D] [Models.go:10]  【注册数据库】 
2019/01/19 23:38:19.234 [D] [cache.go:100]  【初始化REDIS】 
2019/01/19 23:38:19.266 [D] [TuPath.go:47]  status： 1 数量： 8173 
2019/01/19 23:38:22.078 [I] [asm_amd64.s:1333]  http server Running on http://:8080
2019/01/19 23:38:22.079 [C] [asm_amd64.s:1333]  ListenAndServe:  listen tcp :8080: bind: Only one usage of each socket address (protocol/network address/port) is normally permitted.
2019/01/19 23:38:41.559 [D] [Models.go:10]  【注册数据库】 
2019/01/19 23:38:41.565 [D] [cache.go:100]  【初始化REDIS】 
2019/01/19 23:38:41.600 [D] [TuPath.go:47]  status： 1 数量： 8173 
2019/01/19 23:38:44.334 [I] [asm_amd64.s:1333]  http server Running on http://:8080
2019/01/19 23:49:03.552 [D] [Models.go:10]  【注册数据库】 
2019/01/19 23:49:03.561 [D] [cache.go:100]  【初始化REDIS】 
2019/01/19 23:49:03.612 [D] [TuPath.go:47]  status： 1 数量： 8173 
2019/01/19 23:49:06.034 [I] [asm_amd64.s:1333]  http server Running on http://:8080
2019/01/19 23:49:06.034 [C] [asm_amd64.s:1333]  ListenAndServe:  listen tcp :8080: bind: Only one usage of each socket address (protocol/network address/port) is normally permitted.
2019/01/19 23:54:34.924 [D] [Models.go:10]  【注册数据库】 
2019/01/19 23:54:34.930 [D] [cache.go:100]  【初始化REDIS】 
2019/01/19 23:54:34.960 [D] [TuPath.go:47]  status： 1 数量： 8173 
2019/01/19 23:58:44.244 [D] [Models.go:10]  【注册数据库】 
2019/01/19 23:58:44.251 [D] [cache.go:100]  【初始化REDIS】 
2019/01/19 23:58:44.284 [D] [TuPath.go:47]  status： 1 数量： 8173 
2019/01/19 23:59:41.396 [D] [Models.go:10]  【注册数据库】 
2019/01/19 23:59:41.404 [D] [cache.go:100]  【初始化REDIS】 
2019/01/19 23:59:41.425 [D] [TuPath.go:47]  status： 1 数量： 6675 
2019/01/20 00:09:51.813 [D] [Models.go:10]  【注册数据库】 
2019/01/20 00:09:51.820 [D] [cache.go:100]  【初始化REDIS】 
2019/01/20 01:15:05.896 [I] [asm_amd64.s:1333]  http server Running on http://:8080
